[debug] > Exec(early(addDefaultCommands), None, None)
[debug] > Exec(addDefaultCommands, None, None)
[debug] > Exec(early(initialize), None, None)
[debug] > Exec(initialize, None, None)
[debug] > Exec(early(addPluginSbtFile="""C:\Users\Benaka\AppData\Local\Temp\idea4.sbt"""), None, None)
[debug] > Exec(addPluginSbtFile="""C:\Users\Benaka\AppData\Local\Temp\idea4.sbt""", None, None)
[debug] > Exec(boot, None, None)
[debug] > Exec(writeSbtVersion, None, None)
[debug] > Exec(reload, None, None)
[debug] > Exec(sbtStashOnFailure, None, None)
[debug] > Exec(onFailure loadFailed, None, None)
[debug] > Exec(loadp, None, None)
[info] welcome to sbt 1.4.7 (Amazon.com Inc. Java 1.8.0_282)
[debug]       Load.loadUnit: plugins took 147.6985ms
[debug]       Load.loadUnit: defsScala took 0.6289ms
[debug] [Loading] Scanning directory C:\Users\Benaka\.sbt\1.0\plugins
[debug] [Loading] Found non-root projects 
[debug] [Loading] Done in C:\Users\Benaka\.sbt\1.0\plugins, returning: ()
[debug] deducing auto plugins based on known facts Set(Atom(sbt.plugins.CorePlugin)) and clauses Clauses(List(Clause(Atom(sbt.plugins.JvmPlugin),Set(Atom(sbt.plugins.IvyPlugin))), Clause(Atom(sbt.ScriptedPlugin),Set(Atom(sbt.plugins.JvmPlugin))), Clause(Atom(sbt.plugins.SbtPlugin),Set(Atom(sbt.ScriptedPlugin))), Clause(Atom(sbt.plugins.SemanticdbPlugin),Set(Atom(sbt.plugins.JvmPlugin))), Clause(Atom(sbt.plugins.JUnitXmlReportPlugin),Set(Atom(sbt.plugins.JvmPlugin))), Clause(Atom(sbt.plugins.MiniDependencyTreePlugin),Set(Atom(sbt.plugins.JvmPlugin))), Clause(Atom(sbt.plugins.CorePlugin),Set(Atom(sbt.plugins.IvyPlugin))), Clause(Atom(sbt.plugins.IvyPlugin),Set(Atom(sbt.plugins.JvmPlugin))), Clause(Atom(sbt.plugins.JvmPlugin),Set(Atom(sbt.plugins.SemanticdbPlugin))), Clause(Atom(sbt.plugins.JvmPlugin),Set(Atom(sbt.plugins.JUnitXmlReportPlugin))), Clause(Atom(sbt.plugins.CorePlugin),Set(Atom(sbt.plugins.Giter8TemplatePlugin))), Clause(Atom(sbt.plugins.JvmPlugin),Set(Atom(sbt.plugins.MiniDependencyTreePlugin)))))
[debug]   :: deduced result: Matched(sbt.plugins.CorePlugin,sbt.plugins.Giter8TemplatePlugin,sbt.plugins.IvyPlugin,sbt.plugins.JvmPlugin,sbt.plugins.MiniDependencyTreePlugin,sbt.plugins.JUnitXmlReportPlugin,sbt.plugins.SemanticdbPlugin)
[debug] Plugins.deducer#function took 40.2268 ms
[debug]           Load.resolveProject(global-plugins) took 78.9593ms
[debug]         Load.loadTransitive: finalizeProject(Project(id global-plugins, base: C:\Users\Benaka\.sbt\1.0\plugins, plugins: List(<none>))) took 166.2642ms
[debug] [Loading] Done in C:\Users\Benaka\.sbt\1.0\plugins, returning: (global-plugins)
[debug]       Load.loadUnit: loadedProjectsRaw took 197.632ms
[debug]       Load.loadUnit: cleanEvalClasses took 0.457ms
[debug]     Load.loadUnit(file:/C:/Users/Benaka/.sbt/1.0/plugins/, ...) took 357.7995ms
[debug]   Load.apply: load took 625.512ms
[debug]   Load.apply: resolveProjects took 10.6002ms
[debug]   Load.apply: finalTransforms took 100.328ms
[debug]   Load.apply: config.delegates took 13.1534ms
[debug]   Load.apply: Def.make(settings)... took 2287.9297ms
[debug]   Load.apply: structureIndex took 164.3681ms
[debug]   Load.apply: mkStreams took 2.2924ms
[info] loading global plugins from C:\Users\Benaka\.sbt\1.0\plugins
[debug] Running task... Cancel: Signal, check cycles: false, forcegc: true
[debug] Load.defaultLoad until apply took 5688.8687ms
[debug]           Load.loadUnit: plugins took 47.9984ms
[debug]           Load.loadUnit: defsScala took 0.0059ms
[debug] [Loading] Scanning directory D:\JAYANTH\ScalaProg\project
[debug]             Load.loadUnit: mkEval took 11.3623ms
[debug] [Loading] Found non-root projects 
[debug] [Loading] Done in D:\JAYANTH\ScalaProg\project, returning: ()
[debug] deducing auto plugins based on known facts Set(Atom(sbt.plugins.CorePlugin)) and clauses Clauses(List(Clause(Atom(sbt.plugins.JvmPlugin),Set(Atom(sbt.plugins.IvyPlugin))), Clause(Atom(sbt.ScriptedPlugin),Set(Atom(sbt.plugins.JvmPlugin))), Clause(Atom(sbt.plugins.SbtPlugin),Set(Atom(sbt.ScriptedPlugin))), Clause(Atom(sbt.plugins.SemanticdbPlugin),Set(Atom(sbt.plugins.JvmPlugin))), Clause(Atom(sbt.plugins.JUnitXmlReportPlugin),Set(Atom(sbt.plugins.JvmPlugin))), Clause(Atom(sbt.plugins.MiniDependencyTreePlugin),Set(Atom(sbt.plugins.JvmPlugin))), Clause(Atom(sbt.plugins.CorePlugin),Set(Atom(sbt.plugins.IvyPlugin))), Clause(Atom(sbt.plugins.IvyPlugin),Set(Atom(sbt.plugins.JvmPlugin))), Clause(Atom(sbt.plugins.JvmPlugin),Set(Atom(sbt.plugins.SemanticdbPlugin))), Clause(Atom(sbt.plugins.JvmPlugin),Set(Atom(sbt.plugins.JUnitXmlReportPlugin))), Clause(Atom(sbt.plugins.CorePlugin),Set(Atom(sbt.plugins.Giter8TemplatePlugin))), Clause(Atom(sbt.plugins.JvmPlugin),Set(Atom(sbt.plugins.MiniDependencyTreePlugin)))))
[debug]   :: deduced result: Matched(sbt.plugins.CorePlugin,sbt.plugins.Giter8TemplatePlugin,sbt.plugins.IvyPlugin,sbt.plugins.JvmPlugin,sbt.plugins.MiniDependencyTreePlugin,sbt.plugins.JUnitXmlReportPlugin,sbt.plugins.SemanticdbPlugin)
[debug] Plugins.deducer#function took 2.9733 ms
[info] loading settings for project scalaprog-build from idea4.sbt ...
[debug]               Load.resolveProject(scalaprog-build) took 4.1222ms
[debug]             Load.loadTransitive: finalizeProject(Project(id scalaprog-build, base: D:\JAYANTH\ScalaProg\project, plugins: List(<none>))) took 7.8219ms
[debug] [Loading] Done in D:\JAYANTH\ScalaProg\project, returning: (scalaprog-build)
[debug]           Load.loadUnit: loadedProjectsRaw took 211.4734ms
[debug]           Load.loadUnit: cleanEvalClasses took 6.0462ms
[debug]         Load.loadUnit(file:/D:/JAYANTH/ScalaProg/project/, ...) took 266.886ms
[debug]       Load.apply: load took 269.0331ms
[debug]       Load.apply: resolveProjects took 0.1462ms
[debug]       Load.apply: finalTransforms took 11.3675ms
[debug]       Load.apply: config.delegates took 0.6721ms
[debug]       Load.apply: Def.make(settings)... took 140.7948ms
[debug]       Load.apply: structureIndex took 42.1145ms
[debug]       Load.apply: mkStreams took 0.0033ms
[info] loading project definition from D:\JAYANTH\ScalaProg\project
[debug] Running task... Cancel: Signal, check cycles: false, forcegc: true
[debug]     Load.loadUnit: plugins took 911.9599ms
[debug]     Load.loadUnit: defsScala took 0.005ms
[debug] [Loading] Scanning directory D:\JAYANTH\ScalaProg
[debug]       Load.loadUnit: mkEval took 0.3694ms
[debug] [Loading] Found non-root projects 
[debug] [Loading] Done in D:\JAYANTH\ScalaProg, returning: ()
[debug] deducing auto plugins based on known facts Set(Atom(sbt.plugins.CorePlugin)) and clauses Clauses(List(Clause(Atom(sbt.plugins.JvmPlugin),Set(Atom(sbt.plugins.IvyPlugin))), Clause(Atom(sbt.ScriptedPlugin),Set(Atom(sbt.plugins.JvmPlugin))), Clause(Atom(sbt.plugins.SbtPlugin),Set(Atom(sbt.ScriptedPlugin))), Clause(Atom(sbt.plugins.SemanticdbPlugin),Set(Atom(sbt.plugins.JvmPlugin))), Clause(Atom(sbt.plugins.JUnitXmlReportPlugin),Set(Atom(sbt.plugins.JvmPlugin))), Clause(Atom(sbt.plugins.MiniDependencyTreePlugin),Set(Atom(sbt.plugins.JvmPlugin))), Clause(Atom(org.jetbrains.sbt.StructurePlugin),Set(Atom(sbt.plugins.JvmPlugin))), Clause(Atom(org.jetbrains.sbt.IdeaShellPlugin),Set(Atom(sbt.plugins.JvmPlugin))), Clause(Atom(org.jetbrains.sbt.indices.SbtIntellijIndicesPlugin),Set(Atom(sbt.plugins.JvmPlugin))), Clause(Atom(sbt.plugins.CorePlugin),Set(Atom(sbt.plugins.IvyPlugin))), Clause(Atom(sbt.plugins.IvyPlugin),Set(Atom(sbt.plugins.JvmPlugin))), Clause(Atom(sbt.plugins.JvmPlugin),Set(Atom(sbt.plugins.SemanticdbPlugin))), Clause(Atom(sbt.plugins.JvmPlugin),Set(Atom(sbt.plugins.JUnitXmlReportPlugin))), Clause(Atom(sbt.plugins.CorePlugin),Set(Atom(sbt.plugins.Giter8TemplatePlugin))), Clause(Atom(sbt.plugins.JvmPlugin),Set(Atom(sbt.plugins.MiniDependencyTreePlugin))), Clause(Atom(sbt.plugins.JvmPlugin),Set(Atom(org.jetbrains.sbt.StructurePlugin))), Clause(Atom(sbt.plugins.JvmPlugin),Set(Atom(org.jetbrains.sbt.IdeaShellPlugin))), Clause(And(Set(Atom(sbt.plugins.CorePlugin), Atom(sbt.plugins.JvmPlugin))),Set(Atom(org.jetbrains.sbt.indices.SbtIntellijIndicesPlugin)))))
[debug]   :: deduced result: Matched(sbt.plugins.CorePlugin,sbt.plugins.Giter8TemplatePlugin,sbt.plugins.IvyPlugin,sbt.plugins.JvmPlugin,sbt.plugins.SemanticdbPlugin,org.jetbrains.sbt.indices.SbtIntellijIndicesPlugin,sbt.plugins.JUnitXmlReportPlugin,org.jetbrains.sbt.IdeaShellPlugin,org.jetbrains.sbt.StructurePlugin,sbt.plugins.MiniDependencyTreePlugin)
[debug] Plugins.deducer#function took 3.2309 ms
[info] loading settings for project scalaprog from build.sbt ...
[debug]         Load.resolveProject(scalaprog) took 52.7677ms
[debug]       Load.loadTransitive: finalizeProject(Project(id scalaprog, base: D:\JAYANTH\ScalaProg, plugins: List(<none>))) took 57.615ms
[debug] [Loading] Done in D:\JAYANTH\ScalaProg, returning: (scalaprog)
[debug]     Load.loadUnit: loadedProjectsRaw took 2793.7446ms
[debug]     Load.loadUnit: cleanEvalClasses took 7.0005ms
[debug]   Load.loadUnit(file:/D:/JAYANTH/ScalaProg/, ...) took 3713.5779ms
[debug] Load.apply: load took 3715.4383ms
[debug] Load.apply: resolveProjects took 0.1411ms
[debug] Load.apply: finalTransforms took 34.2495ms
[debug] Load.apply: config.delegates took 0.4902ms
[debug] Load.apply: Def.make(settings)... took 364.3392ms
[debug] Load.apply: structureIndex took 29.8416ms
[debug] Load.apply: mkStreams took 0.0032ms
[info] set current project to Scala Prog (in build file:/D:/JAYANTH/ScalaProg/)
[debug] > Exec(sbtPopOnFailure, None, None)
[debug] > Exec(resumeFromFailure, None, None)
[debug] > Exec(notifyUsersAboutShell, None, None)
[debug] > Exec(iflast shell, None, None)
[debug] > Exec(; set ideaPort in Global := 54917 ; idea-shell, None, None)
[debug] > Exec(set ideaPort in Global := 54917, None, None)
[info] Defining Global / ideaPort
[info] The new value will be used by Compile / compile, Test / compile
[debug] Defining 
[debug] 	Global / ideaPort
[debug] 
[debug] The new value will be used by 
[debug] 	Compile / compile
[debug] 	Test / compile
[info] Reapplying settings...
[info] set current project to Scala Prog (in build file:/D:/JAYANTH/ScalaProg/)
[debug] > Exec(idea-shell, None, None)
