[debug] > Exec(early(addDefaultCommands), None, None)
[debug] > Exec(addDefaultCommands, None, None)
[debug] > Exec(early(initialize), None, None)
[debug] > Exec(initialize, None, None)
[debug] > Exec(early(addPluginSbtFile="""C:\Users\Benaka\AppData\Local\Temp\idea2.sbt"""), None, None)
[debug] > Exec(addPluginSbtFile="""C:\Users\Benaka\AppData\Local\Temp\idea2.sbt""", None, None)
[debug] > Exec(boot, None, None)
[debug] > Exec(writeSbtVersion, None, None)
[debug] > Exec(reload, None, None)
[debug] > Exec(sbtStashOnFailure, None, None)
[debug] > Exec(onFailure loadFailed, None, None)
[debug] > Exec(loadp, None, None)
[info] welcome to sbt 1.4.7 (Amazon.com Inc. Java 1.8.0_282)
[debug]       Load.loadUnit: plugins took 190.7664ms
[debug]       Load.loadUnit: defsScala took 0.5471ms
[debug] [Loading] Scanning directory C:\Users\Benaka\.sbt\1.0\plugins
[debug] [Loading] Found non-root projects 
[debug] [Loading] Done in C:\Users\Benaka\.sbt\1.0\plugins, returning: ()
[debug] deducing auto plugins based on known facts Set(Atom(sbt.plugins.CorePlugin)) and clauses Clauses(List(Clause(Atom(sbt.plugins.JvmPlugin),Set(Atom(sbt.plugins.IvyPlugin))), Clause(Atom(sbt.ScriptedPlugin),Set(Atom(sbt.plugins.JvmPlugin))), Clause(Atom(sbt.plugins.SbtPlugin),Set(Atom(sbt.ScriptedPlugin))), Clause(Atom(sbt.plugins.SemanticdbPlugin),Set(Atom(sbt.plugins.JvmPlugin))), Clause(Atom(sbt.plugins.JUnitXmlReportPlugin),Set(Atom(sbt.plugins.JvmPlugin))), Clause(Atom(sbt.plugins.MiniDependencyTreePlugin),Set(Atom(sbt.plugins.JvmPlugin))), Clause(Atom(sbt.plugins.CorePlugin),Set(Atom(sbt.plugins.IvyPlugin))), Clause(Atom(sbt.plugins.IvyPlugin),Set(Atom(sbt.plugins.JvmPlugin))), Clause(Atom(sbt.plugins.JvmPlugin),Set(Atom(sbt.plugins.SemanticdbPlugin))), Clause(Atom(sbt.plugins.JvmPlugin),Set(Atom(sbt.plugins.JUnitXmlReportPlugin))), Clause(Atom(sbt.plugins.CorePlugin),Set(Atom(sbt.plugins.Giter8TemplatePlugin))), Clause(Atom(sbt.plugins.JvmPlugin),Set(Atom(sbt.plugins.MiniDependencyTreePlugin)))))
[debug]   :: deduced result: Matched(sbt.plugins.CorePlugin,sbt.plugins.Giter8TemplatePlugin,sbt.plugins.IvyPlugin,sbt.plugins.JvmPlugin,sbt.plugins.MiniDependencyTreePlugin,sbt.plugins.JUnitXmlReportPlugin,sbt.plugins.SemanticdbPlugin)
[debug] Plugins.deducer#function took 32.8105 ms
[debug]           Load.resolveProject(global-plugins) took 77.972ms
[debug]         Load.loadTransitive: finalizeProject(Project(id global-plugins, base: C:\Users\Benaka\.sbt\1.0\plugins, plugins: List(<none>))) took 158.1026ms
[debug] [Loading] Done in C:\Users\Benaka\.sbt\1.0\plugins, returning: (global-plugins)
[debug]       Load.loadUnit: loadedProjectsRaw took 189.3405ms
[debug]       Load.loadUnit: cleanEvalClasses took 0.5958ms
[debug]     Load.loadUnit(file:/C:/Users/Benaka/.sbt/1.0/plugins/, ...) took 394.3896ms
[debug]   Load.apply: load took 647.2154ms
[debug]   Load.apply: resolveProjects took 10.2852ms
[debug]   Load.apply: finalTransforms took 90.4268ms
[debug]   Load.apply: config.delegates took 12.8438ms
[debug]   Load.apply: Def.make(settings)... took 2335.5488ms
[debug]   Load.apply: structureIndex took 196.7ms
[debug]   Load.apply: mkStreams took 2.3572ms
[info] loading global plugins from C:\Users\Benaka\.sbt\1.0\plugins
[debug] Running task... Cancel: Signal, check cycles: false, forcegc: true
[debug] Load.defaultLoad until apply took 6532.0386ms
[debug]           Load.loadUnit: plugins took 52.9482ms
[debug]           Load.loadUnit: defsScala took 0.0057ms
[debug] [Loading] Scanning directory D:\JAYANTH\ScalaProg\project
[debug]             Load.loadUnit: mkEval took 11.8804ms
[debug] [Loading] Found non-root projects 
[debug] [Loading] Done in D:\JAYANTH\ScalaProg\project, returning: ()
[debug] deducing auto plugins based on known facts Set(Atom(sbt.plugins.CorePlugin)) and clauses Clauses(List(Clause(Atom(sbt.plugins.JvmPlugin),Set(Atom(sbt.plugins.IvyPlugin))), Clause(Atom(sbt.ScriptedPlugin),Set(Atom(sbt.plugins.JvmPlugin))), Clause(Atom(sbt.plugins.SbtPlugin),Set(Atom(sbt.ScriptedPlugin))), Clause(Atom(sbt.plugins.SemanticdbPlugin),Set(Atom(sbt.plugins.JvmPlugin))), Clause(Atom(sbt.plugins.JUnitXmlReportPlugin),Set(Atom(sbt.plugins.JvmPlugin))), Clause(Atom(sbt.plugins.MiniDependencyTreePlugin),Set(Atom(sbt.plugins.JvmPlugin))), Clause(Atom(sbt.plugins.CorePlugin),Set(Atom(sbt.plugins.IvyPlugin))), Clause(Atom(sbt.plugins.IvyPlugin),Set(Atom(sbt.plugins.JvmPlugin))), Clause(Atom(sbt.plugins.JvmPlugin),Set(Atom(sbt.plugins.SemanticdbPlugin))), Clause(Atom(sbt.plugins.JvmPlugin),Set(Atom(sbt.plugins.JUnitXmlReportPlugin))), Clause(Atom(sbt.plugins.CorePlugin),Set(Atom(sbt.plugins.Giter8TemplatePlugin))), Clause(Atom(sbt.plugins.JvmPlugin),Set(Atom(sbt.plugins.MiniDependencyTreePlugin)))))
[debug]   :: deduced result: Matched(sbt.plugins.CorePlugin,sbt.plugins.Giter8TemplatePlugin,sbt.plugins.IvyPlugin,sbt.plugins.JvmPlugin,sbt.plugins.MiniDependencyTreePlugin,sbt.plugins.JUnitXmlReportPlugin,sbt.plugins.SemanticdbPlugin)
[debug] Plugins.deducer#function took 6.5122 ms
[info] loading settings for project scalaprog-build from idea2.sbt ...
[debug]               Load.resolveProject(scalaprog-build) took 6.1756ms
[debug]             Load.loadTransitive: finalizeProject(Project(id scalaprog-build, base: D:\JAYANTH\ScalaProg\project, plugins: List(<none>))) took 13.4882ms
[debug] [Loading] Done in D:\JAYANTH\ScalaProg\project, returning: (scalaprog-build)
[debug]           Load.loadUnit: loadedProjectsRaw took 257.2827ms
[debug]           Load.loadUnit: cleanEvalClasses took 6.4136ms
[debug]         Load.loadUnit(file:/D:/JAYANTH/ScalaProg/project/, ...) took 318.1031ms
[debug]       Load.apply: load took 320.1512ms
[debug]       Load.apply: resolveProjects took 0.1477ms
[debug]       Load.apply: finalTransforms took 23.5685ms
[debug]       Load.apply: config.delegates took 0.6302ms
[debug]       Load.apply: Def.make(settings)... took 131.582ms
[debug]       Load.apply: structureIndex took 41.7043ms
[debug]       Load.apply: mkStreams took 0.003ms
[info] loading project definition from D:\JAYANTH\ScalaProg\project
[debug] Running task... Cancel: Signal, check cycles: false, forcegc: true
[debug]     Load.loadUnit: plugins took 957.9505ms
[debug]     Load.loadUnit: defsScala took 0.005ms
[debug] [Loading] Scanning directory D:\JAYANTH\ScalaProg
[debug]       Load.loadUnit: mkEval took 0.3284ms
[debug] [Loading] Found non-root projects 
[debug] [Loading] Done in D:\JAYANTH\ScalaProg, returning: ()
[debug] deducing auto plugins based on known facts Set(Atom(sbt.plugins.CorePlugin)) and clauses Clauses(List(Clause(Atom(sbt.plugins.JvmPlugin),Set(Atom(sbt.plugins.IvyPlugin))), Clause(Atom(sbt.ScriptedPlugin),Set(Atom(sbt.plugins.JvmPlugin))), Clause(Atom(sbt.plugins.SbtPlugin),Set(Atom(sbt.ScriptedPlugin))), Clause(Atom(sbt.plugins.SemanticdbPlugin),Set(Atom(sbt.plugins.JvmPlugin))), Clause(Atom(sbt.plugins.JUnitXmlReportPlugin),Set(Atom(sbt.plugins.JvmPlugin))), Clause(Atom(sbt.plugins.MiniDependencyTreePlugin),Set(Atom(sbt.plugins.JvmPlugin))), Clause(Atom(org.jetbrains.sbt.StructurePlugin),Set(Atom(sbt.plugins.JvmPlugin))), Clause(Atom(org.jetbrains.sbt.IdeaShellPlugin),Set(Atom(sbt.plugins.JvmPlugin))), Clause(Atom(org.jetbrains.sbt.indices.SbtIntellijIndicesPlugin),Set(Atom(sbt.plugins.JvmPlugin))), Clause(Atom(sbt.plugins.CorePlugin),Set(Atom(sbt.plugins.IvyPlugin))), Clause(Atom(sbt.plugins.IvyPlugin),Set(Atom(sbt.plugins.JvmPlugin))), Clause(Atom(sbt.plugins.JvmPlugin),Set(Atom(sbt.plugins.SemanticdbPlugin))), Clause(Atom(sbt.plugins.JvmPlugin),Set(Atom(sbt.plugins.JUnitXmlReportPlugin))), Clause(Atom(sbt.plugins.CorePlugin),Set(Atom(sbt.plugins.Giter8TemplatePlugin))), Clause(Atom(sbt.plugins.JvmPlugin),Set(Atom(sbt.plugins.MiniDependencyTreePlugin))), Clause(Atom(sbt.plugins.JvmPlugin),Set(Atom(org.jetbrains.sbt.StructurePlugin))), Clause(Atom(sbt.plugins.JvmPlugin),Set(Atom(org.jetbrains.sbt.IdeaShellPlugin))), Clause(And(Set(Atom(sbt.plugins.CorePlugin), Atom(sbt.plugins.JvmPlugin))),Set(Atom(org.jetbrains.sbt.indices.SbtIntellijIndicesPlugin)))))
[debug]   :: deduced result: Matched(sbt.plugins.CorePlugin,sbt.plugins.Giter8TemplatePlugin,sbt.plugins.IvyPlugin,sbt.plugins.JvmPlugin,sbt.plugins.SemanticdbPlugin,org.jetbrains.sbt.indices.SbtIntellijIndicesPlugin,sbt.plugins.JUnitXmlReportPlugin,org.jetbrains.sbt.IdeaShellPlugin,org.jetbrains.sbt.StructurePlugin,sbt.plugins.MiniDependencyTreePlugin)
[debug] Plugins.deducer#function took 3.9002 ms
[info] loading settings for project scalaprog from build.sbt ...
[debug]         Load.resolveProject(scalaprog) took 52.8034ms
[debug]       Load.loadTransitive: finalizeProject(Project(id scalaprog, base: D:\JAYANTH\ScalaProg, plugins: List(<none>))) took 58.6452ms
[debug] [Loading] Done in D:\JAYANTH\ScalaProg, returning: (scalaprog)
[debug]     Load.loadUnit: loadedProjectsRaw took 160.0287ms
[debug]     Load.loadUnit: cleanEvalClasses took 5.3745ms
[debug]   Load.loadUnit(file:/D:/JAYANTH/ScalaProg/, ...) took 1124.2381ms
[debug] Load.apply: load took 1127.3501ms
[debug] Load.apply: resolveProjects took 0.1787ms
[debug] Load.apply: finalTransforms took 35.9773ms
[debug] Load.apply: config.delegates took 0.5527ms
[debug] Load.apply: Def.make(settings)... took 122.5122ms
[debug] Load.apply: structureIndex took 34.0544ms
[debug] Load.apply: mkStreams took 0.0035ms
[info] set current project to Scala Prog (in build file:/D:/JAYANTH/ScalaProg/)
[debug] > Exec(sbtPopOnFailure, None, None)
[debug] > Exec(resumeFromFailure, None, None)
[debug] > Exec(notifyUsersAboutShell, None, None)
[debug] > Exec(iflast shell, None, None)
[debug] > Exec(; set ideaPort in Global := 53465 ; idea-shell, None, None)
[debug] > Exec(set ideaPort in Global := 53465, None, None)
[info] Defining Global / ideaPort
[info] The new value will be used by Compile / compile, Test / compile
[debug] Defining 
[debug] 	Global / ideaPort
[debug] 
[debug] The new value will be used by 
[debug] 	Compile / compile
[debug] 	Test / compile
[info] Reapplying settings...
[info] set current project to Scala Prog (in build file:/D:/JAYANTH/ScalaProg/)
[debug] > Exec(idea-shell, None, None)
