[debug] > Exec(early(addDefaultCommands), None, None)
[debug] > Exec(addDefaultCommands, None, None)
[debug] > Exec(early(initialize), None, None)
[debug] > Exec(initialize, None, None)
[debug] > Exec(early(addPluginSbtFile="""C:\Users\Benaka\AppData\Local\Temp\idea11.sbt"""), None, None)
[debug] > Exec(addPluginSbtFile="""C:\Users\Benaka\AppData\Local\Temp\idea11.sbt""", None, None)
[debug] > Exec(boot, None, None)
[debug] > Exec(writeSbtVersion, None, None)
[debug] > Exec(reload, None, None)
[debug] > Exec(sbtStashOnFailure, None, None)
[debug] > Exec(onFailure loadFailed, None, None)
[debug] > Exec(loadp, None, None)
[info] welcome to sbt 1.4.7 (Amazon.com Inc. Java 1.8.0_282)
[debug]       Load.loadUnit: plugins took 145.7824ms
[debug]       Load.loadUnit: defsScala took 0.5513ms
[debug] [Loading] Scanning directory C:\Users\Benaka\.sbt\1.0\plugins
[debug] [Loading] Found non-root projects 
[debug] [Loading] Done in C:\Users\Benaka\.sbt\1.0\plugins, returning: ()
[debug] deducing auto plugins based on known facts Set(Atom(sbt.plugins.CorePlugin)) and clauses Clauses(List(Clause(Atom(sbt.plugins.JvmPlugin),Set(Atom(sbt.plugins.IvyPlugin))), Clause(Atom(sbt.ScriptedPlugin),Set(Atom(sbt.plugins.JvmPlugin))), Clause(Atom(sbt.plugins.SbtPlugin),Set(Atom(sbt.ScriptedPlugin))), Clause(Atom(sbt.plugins.SemanticdbPlugin),Set(Atom(sbt.plugins.JvmPlugin))), Clause(Atom(sbt.plugins.JUnitXmlReportPlugin),Set(Atom(sbt.plugins.JvmPlugin))), Clause(Atom(sbt.plugins.MiniDependencyTreePlugin),Set(Atom(sbt.plugins.JvmPlugin))), Clause(Atom(sbt.plugins.CorePlugin),Set(Atom(sbt.plugins.IvyPlugin))), Clause(Atom(sbt.plugins.IvyPlugin),Set(Atom(sbt.plugins.JvmPlugin))), Clause(Atom(sbt.plugins.JvmPlugin),Set(Atom(sbt.plugins.SemanticdbPlugin))), Clause(Atom(sbt.plugins.JvmPlugin),Set(Atom(sbt.plugins.JUnitXmlReportPlugin))), Clause(Atom(sbt.plugins.CorePlugin),Set(Atom(sbt.plugins.Giter8TemplatePlugin))), Clause(Atom(sbt.plugins.JvmPlugin),Set(Atom(sbt.plugins.MiniDependencyTreePlugin)))))
[debug]   :: deduced result: Matched(sbt.plugins.CorePlugin,sbt.plugins.Giter8TemplatePlugin,sbt.plugins.IvyPlugin,sbt.plugins.JvmPlugin,sbt.plugins.MiniDependencyTreePlugin,sbt.plugins.JUnitXmlReportPlugin,sbt.plugins.SemanticdbPlugin)
[debug] Plugins.deducer#function took 33.0661 ms
[debug]           Load.resolveProject(global-plugins) took 75.23ms
[debug]         Load.loadTransitive: finalizeProject(Project(id global-plugins, base: C:\Users\Benaka\.sbt\1.0\plugins, plugins: List(<none>))) took 153.8284ms
[debug] [Loading] Done in C:\Users\Benaka\.sbt\1.0\plugins, returning: (global-plugins)
[debug]       Load.loadUnit: loadedProjectsRaw took 186.2613ms
[debug]       Load.loadUnit: cleanEvalClasses took 0.4098ms
[debug]     Load.loadUnit(file:/C:/Users/Benaka/.sbt/1.0/plugins/, ...) took 344.1062ms
[debug]   Load.apply: load took 596.4424ms
[debug]   Load.apply: resolveProjects took 10.1631ms
[debug]   Load.apply: finalTransforms took 90.2525ms
[debug]   Load.apply: config.delegates took 13.9745ms
[debug]   Load.apply: Def.make(settings)... took 2310.4569ms
[debug]   Load.apply: structureIndex took 172.3568ms
[debug]   Load.apply: mkStreams took 2.3716ms
[info] loading global plugins from C:\Users\Benaka\.sbt\1.0\plugins
[debug] Running task... Cancel: Signal, check cycles: false, forcegc: true
[debug] Load.defaultLoad until apply took 5719.5113ms
[debug]           Load.loadUnit: plugins took 49.903ms
[debug]           Load.loadUnit: defsScala took 0.0055ms
[debug] [Loading] Scanning directory D:\JAYANTH\ScalaProg\project
[debug]             Load.loadUnit: mkEval took 11.0265ms
[debug] [Loading] Found non-root projects 
[debug] [Loading] Done in D:\JAYANTH\ScalaProg\project, returning: ()
[debug] deducing auto plugins based on known facts Set(Atom(sbt.plugins.CorePlugin)) and clauses Clauses(List(Clause(Atom(sbt.plugins.JvmPlugin),Set(Atom(sbt.plugins.IvyPlugin))), Clause(Atom(sbt.ScriptedPlugin),Set(Atom(sbt.plugins.JvmPlugin))), Clause(Atom(sbt.plugins.SbtPlugin),Set(Atom(sbt.ScriptedPlugin))), Clause(Atom(sbt.plugins.SemanticdbPlugin),Set(Atom(sbt.plugins.JvmPlugin))), Clause(Atom(sbt.plugins.JUnitXmlReportPlugin),Set(Atom(sbt.plugins.JvmPlugin))), Clause(Atom(sbt.plugins.MiniDependencyTreePlugin),Set(Atom(sbt.plugins.JvmPlugin))), Clause(Atom(sbt.plugins.CorePlugin),Set(Atom(sbt.plugins.IvyPlugin))), Clause(Atom(sbt.plugins.IvyPlugin),Set(Atom(sbt.plugins.JvmPlugin))), Clause(Atom(sbt.plugins.JvmPlugin),Set(Atom(sbt.plugins.SemanticdbPlugin))), Clause(Atom(sbt.plugins.JvmPlugin),Set(Atom(sbt.plugins.JUnitXmlReportPlugin))), Clause(Atom(sbt.plugins.CorePlugin),Set(Atom(sbt.plugins.Giter8TemplatePlugin))), Clause(Atom(sbt.plugins.JvmPlugin),Set(Atom(sbt.plugins.MiniDependencyTreePlugin)))))
[debug]   :: deduced result: Matched(sbt.plugins.CorePlugin,sbt.plugins.Giter8TemplatePlugin,sbt.plugins.IvyPlugin,sbt.plugins.JvmPlugin,sbt.plugins.MiniDependencyTreePlugin,sbt.plugins.JUnitXmlReportPlugin,sbt.plugins.SemanticdbPlugin)
[debug] Plugins.deducer#function took 3.0774 ms
[info] loading settings for project scalaprog-build from idea11.sbt ...
[debug]               Load.resolveProject(scalaprog-build) took 4.1488ms
[debug]             Load.loadTransitive: finalizeProject(Project(id scalaprog-build, base: D:\JAYANTH\ScalaProg\project, plugins: List(<none>))) took 7.9456ms
[debug] [Loading] Done in D:\JAYANTH\ScalaProg\project, returning: (scalaprog-build)
[debug]           Load.loadUnit: loadedProjectsRaw took 214.524ms
[debug]           Load.loadUnit: cleanEvalClasses took 6.2239ms
[debug]         Load.loadUnit(file:/D:/JAYANTH/ScalaProg/project/, ...) took 272.1847ms
[debug]       Load.apply: load took 274.1179ms
[debug]       Load.apply: resolveProjects took 0.1462ms
[debug]       Load.apply: finalTransforms took 12.0015ms
[debug]       Load.apply: config.delegates took 0.6597ms
[debug]       Load.apply: Def.make(settings)... took 138.022ms
[debug]       Load.apply: structureIndex took 41.6822ms
[debug]       Load.apply: mkStreams took 0.003ms
[info] loading project definition from D:\JAYANTH\ScalaProg\project
[debug] Running task... Cancel: Signal, check cycles: false, forcegc: true
[debug]     Load.loadUnit: plugins took 969.5033ms
[debug]     Load.loadUnit: defsScala took 0.0049ms
[debug] [Loading] Scanning directory D:\JAYANTH\ScalaProg
[debug]       Load.loadUnit: mkEval took 0.3369ms
[debug] [Loading] Found non-root projects 
[debug] [Loading] Done in D:\JAYANTH\ScalaProg, returning: ()
[debug] deducing auto plugins based on known facts Set(Atom(sbt.plugins.CorePlugin)) and clauses Clauses(List(Clause(Atom(sbt.plugins.JvmPlugin),Set(Atom(sbt.plugins.IvyPlugin))), Clause(Atom(sbt.ScriptedPlugin),Set(Atom(sbt.plugins.JvmPlugin))), Clause(Atom(sbt.plugins.SbtPlugin),Set(Atom(sbt.ScriptedPlugin))), Clause(Atom(sbt.plugins.SemanticdbPlugin),Set(Atom(sbt.plugins.JvmPlugin))), Clause(Atom(sbt.plugins.JUnitXmlReportPlugin),Set(Atom(sbt.plugins.JvmPlugin))), Clause(Atom(sbt.plugins.MiniDependencyTreePlugin),Set(Atom(sbt.plugins.JvmPlugin))), Clause(Atom(org.jetbrains.sbt.StructurePlugin),Set(Atom(sbt.plugins.JvmPlugin))), Clause(Atom(org.jetbrains.sbt.IdeaShellPlugin),Set(Atom(sbt.plugins.JvmPlugin))), Clause(Atom(org.jetbrains.sbt.indices.SbtIntellijIndicesPlugin),Set(Atom(sbt.plugins.JvmPlugin))), Clause(Atom(sbt.plugins.CorePlugin),Set(Atom(sbt.plugins.IvyPlugin))), Clause(Atom(sbt.plugins.IvyPlugin),Set(Atom(sbt.plugins.JvmPlugin))), Clause(Atom(sbt.plugins.JvmPlugin),Set(Atom(sbt.plugins.SemanticdbPlugin))), Clause(Atom(sbt.plugins.JvmPlugin),Set(Atom(sbt.plugins.JUnitXmlReportPlugin))), Clause(Atom(sbt.plugins.CorePlugin),Set(Atom(sbt.plugins.Giter8TemplatePlugin))), Clause(Atom(sbt.plugins.JvmPlugin),Set(Atom(sbt.plugins.MiniDependencyTreePlugin))), Clause(Atom(sbt.plugins.JvmPlugin),Set(Atom(org.jetbrains.sbt.StructurePlugin))), Clause(Atom(sbt.plugins.JvmPlugin),Set(Atom(org.jetbrains.sbt.IdeaShellPlugin))), Clause(And(Set(Atom(sbt.plugins.CorePlugin), Atom(sbt.plugins.JvmPlugin))),Set(Atom(org.jetbrains.sbt.indices.SbtIntellijIndicesPlugin)))))
[debug]   :: deduced result: Matched(sbt.plugins.CorePlugin,sbt.plugins.Giter8TemplatePlugin,sbt.plugins.IvyPlugin,sbt.plugins.JvmPlugin,sbt.plugins.SemanticdbPlugin,org.jetbrains.sbt.indices.SbtIntellijIndicesPlugin,sbt.plugins.JUnitXmlReportPlugin,org.jetbrains.sbt.IdeaShellPlugin,org.jetbrains.sbt.StructurePlugin,sbt.plugins.MiniDependencyTreePlugin)
[debug] Plugins.deducer#function took 3.1503 ms
[info] loading settings for project scalaprog from build.sbt ...
[debug]         Load.resolveProject(scalaprog) took 431.8533ms
[debug]       Load.loadTransitive: finalizeProject(Project(id scalaprog, base: D:\JAYANTH\ScalaProg, plugins: List(<none>))) took 436.8139ms
[debug] [Loading] Done in D:\JAYANTH\ScalaProg, returning: (scalaprog)
[debug]     Load.loadUnit: loadedProjectsRaw took 3125.7857ms
[debug]     Load.loadUnit: cleanEvalClasses took 7.4141ms
[debug]   Load.loadUnit(file:/D:/JAYANTH/ScalaProg/, ...) took 4103.6417ms
[debug] Load.apply: load took 4105.8568ms
[debug] Load.apply: resolveProjects took 0.1483ms
[debug] Load.apply: finalTransforms took 39.4889ms
[debug] Load.apply: config.delegates took 0.5889ms
[debug] Load.apply: Def.make(settings)... took 151.7554ms
[debug] Load.apply: structureIndex took 34.9901ms
[debug] Load.apply: mkStreams took 0.0031ms
[info] set current project to Scala Prog (in build file:/D:/JAYANTH/ScalaProg/)
[debug] > Exec(sbtPopOnFailure, None, None)
[debug] > Exec(resumeFromFailure, None, None)
[debug] > Exec(notifyUsersAboutShell, None, None)
[debug] > Exec(iflast shell, None, None)
[debug] > Exec(; set ideaPort in Global := 54917 ; idea-shell, None, None)
[debug] > Exec(set ideaPort in Global := 54917, None, None)
[info] Defining Global / ideaPort
[info] The new value will be used by Compile / compile, Test / compile
[debug] Defining 
[debug] 	Global / ideaPort
[debug] 
[debug] The new value will be used by 
[debug] 	Compile / compile
[debug] 	Test / compile
[info] Reapplying settings...
[info] set current project to Scala Prog (in build file:/D:/JAYANTH/ScalaProg/)
[debug] > Exec(idea-shell, None, None)
