[debug] > Exec(early(addDefaultCommands), None, None)
[debug] > Exec(addDefaultCommands, None, None)
[debug] > Exec(early(initialize), None, None)
[debug] > Exec(initialize, None, None)
[debug] > Exec(early(addPluginSbtFile="""C:\Users\Benaka\AppData\Local\Temp\idea.sbt"""), None, None)
[debug] > Exec(addPluginSbtFile="""C:\Users\Benaka\AppData\Local\Temp\idea.sbt""", None, None)
[debug] > Exec(boot, None, None)
[debug] > Exec(writeSbtVersion, None, None)
[debug] > Exec(reload, None, None)
[debug] > Exec(sbtStashOnFailure, None, None)
[debug] > Exec(onFailure loadFailed, None, None)
[debug] > Exec(loadp, None, None)
[info] welcome to sbt 1.4.7 (Amazon.com Inc. Java 1.8.0_282)
[debug]       Load.loadUnit: plugins took 183.9494ms
[debug]       Load.loadUnit: defsScala took 0.6079ms
[debug] [Loading] Scanning directory C:\Users\Benaka\.sbt\1.0\plugins
[debug] [Loading] Found non-root projects 
[debug] [Loading] Done in C:\Users\Benaka\.sbt\1.0\plugins, returning: ()
[debug] deducing auto plugins based on known facts Set(Atom(sbt.plugins.CorePlugin)) and clauses Clauses(List(Clause(Atom(sbt.plugins.JvmPlugin),Set(Atom(sbt.plugins.IvyPlugin))), Clause(Atom(sbt.ScriptedPlugin),Set(Atom(sbt.plugins.JvmPlugin))), Clause(Atom(sbt.plugins.SbtPlugin),Set(Atom(sbt.ScriptedPlugin))), Clause(Atom(sbt.plugins.SemanticdbPlugin),Set(Atom(sbt.plugins.JvmPlugin))), Clause(Atom(sbt.plugins.JUnitXmlReportPlugin),Set(Atom(sbt.plugins.JvmPlugin))), Clause(Atom(sbt.plugins.MiniDependencyTreePlugin),Set(Atom(sbt.plugins.JvmPlugin))), Clause(Atom(sbt.plugins.CorePlugin),Set(Atom(sbt.plugins.IvyPlugin))), Clause(Atom(sbt.plugins.IvyPlugin),Set(Atom(sbt.plugins.JvmPlugin))), Clause(Atom(sbt.plugins.JvmPlugin),Set(Atom(sbt.plugins.SemanticdbPlugin))), Clause(Atom(sbt.plugins.JvmPlugin),Set(Atom(sbt.plugins.JUnitXmlReportPlugin))), Clause(Atom(sbt.plugins.CorePlugin),Set(Atom(sbt.plugins.Giter8TemplatePlugin))), Clause(Atom(sbt.plugins.JvmPlugin),Set(Atom(sbt.plugins.MiniDependencyTreePlugin)))))
[debug]   :: deduced result: Matched(sbt.plugins.CorePlugin,sbt.plugins.Giter8TemplatePlugin,sbt.plugins.IvyPlugin,sbt.plugins.JvmPlugin,sbt.plugins.MiniDependencyTreePlugin,sbt.plugins.JUnitXmlReportPlugin,sbt.plugins.SemanticdbPlugin)
[debug] Plugins.deducer#function took 75.1369 ms
[debug]           Load.resolveProject(global-plugins) took 90.7557ms
[debug]         Load.loadTransitive: finalizeProject(Project(id global-plugins, base: C:\Users\Benaka\.sbt\1.0\plugins, plugins: List(<none>))) took 215.3024ms
[debug] [Loading] Done in C:\Users\Benaka\.sbt\1.0\plugins, returning: (global-plugins)
[debug]       Load.loadUnit: loadedProjectsRaw took 260.0429ms
[debug]       Load.loadUnit: cleanEvalClasses took 0.4727ms
[debug]     Load.loadUnit(file:/C:/Users/Benaka/.sbt/1.0/plugins/, ...) took 463.3217ms
[debug]   Load.apply: load took 828.7618ms
[debug]   Load.apply: resolveProjects took 13.7992ms
[debug]   Load.apply: finalTransforms took 130.2304ms
[debug]   Load.apply: config.delegates took 13.4293ms
[debug]   Load.apply: Def.make(settings)... took 9170.3296ms
[debug]   Load.apply: structureIndex took 216.6373ms
[debug]   Load.apply: mkStreams took 2.2464ms
[info] loading global plugins from C:\Users\Benaka\.sbt\1.0\plugins
[debug] Running task... Cancel: Signal, check cycles: false, forcegc: true
[debug] Load.defaultLoad until apply took 15557.2622ms
[debug]           Load.loadUnit: plugins took 48.4055ms
[debug]           Load.loadUnit: defsScala took 0.0061ms
[debug] [Loading] Scanning directory D:\JAYANTH\ScalaProg\project
[debug]             Load.loadUnit: mkEval took 19.8353ms
[debug] [Loading] Found non-root projects 
[debug] [Loading] Done in D:\JAYANTH\ScalaProg\project, returning: ()
[debug] deducing auto plugins based on known facts Set(Atom(sbt.plugins.CorePlugin)) and clauses Clauses(List(Clause(Atom(sbt.plugins.JvmPlugin),Set(Atom(sbt.plugins.IvyPlugin))), Clause(Atom(sbt.ScriptedPlugin),Set(Atom(sbt.plugins.JvmPlugin))), Clause(Atom(sbt.plugins.SbtPlugin),Set(Atom(sbt.ScriptedPlugin))), Clause(Atom(sbt.plugins.SemanticdbPlugin),Set(Atom(sbt.plugins.JvmPlugin))), Clause(Atom(sbt.plugins.JUnitXmlReportPlugin),Set(Atom(sbt.plugins.JvmPlugin))), Clause(Atom(sbt.plugins.MiniDependencyTreePlugin),Set(Atom(sbt.plugins.JvmPlugin))), Clause(Atom(sbt.plugins.CorePlugin),Set(Atom(sbt.plugins.IvyPlugin))), Clause(Atom(sbt.plugins.IvyPlugin),Set(Atom(sbt.plugins.JvmPlugin))), Clause(Atom(sbt.plugins.JvmPlugin),Set(Atom(sbt.plugins.SemanticdbPlugin))), Clause(Atom(sbt.plugins.JvmPlugin),Set(Atom(sbt.plugins.JUnitXmlReportPlugin))), Clause(Atom(sbt.plugins.CorePlugin),Set(Atom(sbt.plugins.Giter8TemplatePlugin))), Clause(Atom(sbt.plugins.JvmPlugin),Set(Atom(sbt.plugins.MiniDependencyTreePlugin)))))
[debug]   :: deduced result: Matched(sbt.plugins.CorePlugin,sbt.plugins.Giter8TemplatePlugin,sbt.plugins.IvyPlugin,sbt.plugins.JvmPlugin,sbt.plugins.MiniDependencyTreePlugin,sbt.plugins.JUnitXmlReportPlugin,sbt.plugins.SemanticdbPlugin)
[debug] Plugins.deducer#function took 3.388 ms
[info] loading settings for project scalaprog-build from idea.sbt ...
[debug]               Load.resolveProject(scalaprog-build) took 15.7702ms
[debug]             Load.loadTransitive: finalizeProject(Project(id scalaprog-build, base: D:\JAYANTH\ScalaProg\project, plugins: List(<none>))) took 20.0206ms
[debug] [Loading] Done in D:\JAYANTH\ScalaProg\project, returning: (scalaprog-build)
[debug]           Load.loadUnit: loadedProjectsRaw took 348.4702ms
[debug]           Load.loadUnit: cleanEvalClasses took 6.5639ms
[debug]         Load.loadUnit(file:/D:/JAYANTH/ScalaProg/project/, ...) took 406.6487ms
[debug]       Load.apply: load took 409.3736ms
[debug]       Load.apply: resolveProjects took 0.1692ms
[debug]       Load.apply: finalTransforms took 31.0391ms
[debug]       Load.apply: config.delegates took 0.6264ms
[debug]       Load.apply: Def.make(settings)... took 281.4874ms
[debug]       Load.apply: structureIndex took 47.8786ms
[debug]       Load.apply: mkStreams took 0.0033ms
[info] loading project definition from D:\JAYANTH\ScalaProg\project
[debug] Running task... Cancel: Signal, check cycles: false, forcegc: true
[debug]     Load.loadUnit: plugins took 2009.1684ms
[debug]     Load.loadUnit: defsScala took 0.0053ms
[debug] [Loading] Scanning directory D:\JAYANTH\ScalaProg
[debug]       Load.loadUnit: mkEval took 0.3893ms
[debug] [Loading] Found non-root projects 
[debug] [Loading] Done in D:\JAYANTH\ScalaProg, returning: ()
[debug] deducing auto plugins based on known facts Set(Atom(sbt.plugins.CorePlugin)) and clauses Clauses(List(Clause(Atom(sbt.plugins.JvmPlugin),Set(Atom(sbt.plugins.IvyPlugin))), Clause(Atom(sbt.ScriptedPlugin),Set(Atom(sbt.plugins.JvmPlugin))), Clause(Atom(sbt.plugins.SbtPlugin),Set(Atom(sbt.ScriptedPlugin))), Clause(Atom(sbt.plugins.SemanticdbPlugin),Set(Atom(sbt.plugins.JvmPlugin))), Clause(Atom(sbt.plugins.JUnitXmlReportPlugin),Set(Atom(sbt.plugins.JvmPlugin))), Clause(Atom(sbt.plugins.MiniDependencyTreePlugin),Set(Atom(sbt.plugins.JvmPlugin))), Clause(Atom(org.jetbrains.sbt.StructurePlugin),Set(Atom(sbt.plugins.JvmPlugin))), Clause(Atom(org.jetbrains.sbt.IdeaShellPlugin),Set(Atom(sbt.plugins.JvmPlugin))), Clause(Atom(org.jetbrains.sbt.indices.SbtIntellijIndicesPlugin),Set(Atom(sbt.plugins.JvmPlugin))), Clause(Atom(sbt.plugins.CorePlugin),Set(Atom(sbt.plugins.IvyPlugin))), Clause(Atom(sbt.plugins.IvyPlugin),Set(Atom(sbt.plugins.JvmPlugin))), Clause(Atom(sbt.plugins.JvmPlugin),Set(Atom(sbt.plugins.SemanticdbPlugin))), Clause(Atom(sbt.plugins.JvmPlugin),Set(Atom(sbt.plugins.JUnitXmlReportPlugin))), Clause(Atom(sbt.plugins.CorePlugin),Set(Atom(sbt.plugins.Giter8TemplatePlugin))), Clause(Atom(sbt.plugins.JvmPlugin),Set(Atom(sbt.plugins.MiniDependencyTreePlugin))), Clause(Atom(sbt.plugins.JvmPlugin),Set(Atom(org.jetbrains.sbt.StructurePlugin))), Clause(Atom(sbt.plugins.JvmPlugin),Set(Atom(org.jetbrains.sbt.IdeaShellPlugin))), Clause(And(Set(Atom(sbt.plugins.CorePlugin), Atom(sbt.plugins.JvmPlugin))),Set(Atom(org.jetbrains.sbt.indices.SbtIntellijIndicesPlugin)))))
[debug]   :: deduced result: Matched(sbt.plugins.CorePlugin,sbt.plugins.Giter8TemplatePlugin,sbt.plugins.IvyPlugin,sbt.plugins.JvmPlugin,sbt.plugins.SemanticdbPlugin,org.jetbrains.sbt.indices.SbtIntellijIndicesPlugin,sbt.plugins.JUnitXmlReportPlugin,org.jetbrains.sbt.IdeaShellPlugin,org.jetbrains.sbt.StructurePlugin,sbt.plugins.MiniDependencyTreePlugin)
[debug] Plugins.deducer#function took 3.9626 ms
[info] loading settings for project scalaprog from build.sbt ...
[debug]         Load.resolveProject(scalaprog) took 50.6529ms
[debug]       Load.loadTransitive: finalizeProject(Project(id scalaprog, base: D:\JAYANTH\ScalaProg, plugins: List(<none>))) took 56.3486ms
[debug] [Loading] Done in D:\JAYANTH\ScalaProg, returning: (scalaprog)
[debug]     Load.loadUnit: loadedProjectsRaw took 173.477ms
[debug]     Load.loadUnit: cleanEvalClasses took 35.6634ms
[debug]   Load.loadUnit(file:/D:/JAYANTH/ScalaProg/, ...) took 2219.2599ms
[debug] Load.apply: load took 2222.3363ms
[debug] Load.apply: resolveProjects took 0.7543ms
[debug] Load.apply: finalTransforms took 71.8093ms
[debug] Load.apply: config.delegates took 0.5722ms
[debug] Load.apply: Def.make(settings)... took 178.1504ms
[debug] Load.apply: structureIndex took 56.2153ms
[debug] Load.apply: mkStreams took 0.0038ms
[info] set current project to Scala Prog (in build file:/D:/JAYANTH/ScalaProg/)
[debug] > Exec(sbtPopOnFailure, None, None)
[debug] > Exec(resumeFromFailure, None, None)
[debug] > Exec(notifyUsersAboutShell, None, None)
[debug] > Exec(iflast shell, None, None)
[debug] > Exec(; set ideaPort in Global := 54233 ; idea-shell, None, None)
[debug] > Exec(set ideaPort in Global := 54233, None, None)
[info] Defining Global / ideaPort
[info] The new value will be used by Compile / compile, Test / compile
[debug] Defining 
[debug] 	Global / ideaPort
[debug] 
[debug] The new value will be used by 
[debug] 	Compile / compile
[debug] 	Test / compile
[info] Reapplying settings...
[info] set current project to Scala Prog (in build file:/D:/JAYANTH/ScalaProg/)
[debug] > Exec(idea-shell, None, None)
[debug] > Exec(, None, None)
[debug] > Exec(idea-shell, None, None)
[debug] > Exec(, None, None)
[debug] > Exec(idea-shell, None, None)
